<?xml version="1.0" encoding="UTF-8"?>
<testng-results ignored="0" total="1" passed="1" failed="0" skipped="0">
  <reporter-output>
  </reporter-output>
  <suite started-at="2023-09-20T19:47:17 IST" name="SigninSuite" finished-at="2023-09-20T19:47:33 IST" duration-ms="15700">
    <groups>
      <group name="Master">
        <method signature="Test_AccountloginPage.test_login()[pri:0, instance:testCases.Test_AccountloginPage@7ce69770]" name="test_login" class="testCases.Test_AccountloginPage"/>
      </group> <!-- Master -->
      <group name="Regression">
        <method signature="Test_AccountloginPage.test_login()[pri:0, instance:testCases.Test_AccountloginPage@7ce69770]" name="test_login" class="testCases.Test_AccountloginPage"/>
      </group> <!-- Regression -->
    </groups>
    <test started-at="2023-09-20T19:47:17 IST" name="SigninTest" finished-at="2023-09-20T19:47:33 IST" duration-ms="15700">
      <class name="testCases.Test_AccountloginPage">
        <test-method is-config="true" signature="setUp()[pri:0, instance:testCases.Test_AccountloginPage@7ce69770]" started-at="2023-09-20T19:47:17 IST" name="setUp" finished-at="2023-09-20T19:47:28 IST" duration-ms="11531" status="PASS">
          <reporter-output>
          </reporter-output>
        </test-method> <!-- setUp -->
        <test-method signature="test_login()[pri:0, instance:testCases.Test_AccountloginPage@7ce69770]" started-at="2023-09-20T19:47:28 IST" name="test_login" finished-at="2023-09-20T19:47:33 IST" duration-ms="4066" status="PASS">
          <reporter-output>
          </reporter-output>
        </test-method> <!-- test_login -->
      </class> <!-- testCases.Test_AccountloginPage -->
    </test> <!-- SigninTest -->
  </suite> <!-- SigninSuite -->
</testng-results>
